=== OMNIBUS SYSTEM CONVERGENCE TRACE: ALPHANUMERIC EXTENSION-FREE ENGINE ===
TIMESTAMP_UTC : Fri Jun 12 11:41:07 UTC 2026
NODE_ORIGIN   : NODE:90247_GARDENA
OPERATOR      : Enrique Barrera Gonzalez III
----------------------------------------------------------------------
[*] Initiating absolute system root (/) alphanumeric crawling loop...
[MATCH] Discovered alpha-numeric asset signature: omnibus_master_sanity.log at /tmp/omnibus_master_sanity.log
        [ERROR] Kernel permission constraints restricted processing for /tmp/omnibus_master_sanity.log
[MATCH] Discovered alpha-numeric asset signature: wolverine_manifest_sweep_20260612_033129.log at /tmp/wolverine_manifest_sweep_20260612_033129.log
        [ERROR] Kernel permission constraints restricted processing for /tmp/wolverine_manifest_sweep_20260612_033129.log
[MATCH] Discovered alpha-numeric asset signature: wolverine_manifest_sweep_20260612_032032.log at /tmp/wolverine_manifest_sweep_20260612_032032.log
        [ERROR] Kernel permission constraints restricted processing for /tmp/wolverine_manifest_sweep_20260612_032032.log
[MATCH] Discovered alpha-numeric asset signature: manifest.json at /home/manifest.json
        [ERROR] Kernel permission constraints restricted processing for /home/manifest.json
[MATCH] Discovered alpha-numeric asset signature: f_00003c at /home/enrique/vault/AppData/Local/Packages/Microsoft.Windows.Photos_8wekyb3d8bbwe/LocalState/EBWebView/Default/Cache/Cache_Data/f_00003c
        [ERROR] Kernel permission constraints restricted processing for /home/enrique/vault/AppData/Local/Packages/Microsoft.Windows.Photos_8wekyb3d8bbwe/LocalState/EBWebView/Default/Cache/Cache_Data/f_00003c
[MATCH] Discovered alpha-numeric asset signature: f_00002e at /home/enrique/vault/AppData/Local/Packages/Microsoft.Windows.Photos_8wekyb3d8bbwe/LocalState/EBWebView/Default/Cache/Cache_Data/f_00002e
        [ERROR] Kernel permission constraints restricted processing for /home/enrique/vault/AppData/Local/Packages/Microsoft.Windows.Photos_8wekyb3d8bbwe/LocalState/EBWebView/Default/Cache/Cache_Data/f_00002e
[MATCH] Discovered alpha-numeric asset signature: f_00002a at /home/enrique/vault/AppData/Local/Packages/Microsoft.Windows.Photos_8wekyb3d8bbwe/LocalState/EBWebView/Default/Cache/Cache_Data/f_00002a
        [ERROR] Kernel permission constraints restricted processing for /home/enrique/vault/AppData/Local/Packages/Microsoft.Windows.Photos_8wekyb3d8bbwe/LocalState/EBWebView/Default/Cache/Cache_Data/f_00002a
[MATCH] Discovered alpha-numeric asset signature: f_000029 at /home/enrique/vault/AppData/Local/Packages/Microsoft.Windows.Photos_8wekyb3d8bbwe/LocalState/EBWebView/Default/Cache/Cache_Data/f_000029
        [ERROR] Kernel permission constraints restricted processing for /home/enrique/vault/AppData/Local/Packages/Microsoft.Windows.Photos_8wekyb3d8bbwe/LocalState/EBWebView/Default/Cache/Cache_Data/f_000029
[MATCH] Discovered alpha-numeric asset signature: f_000028 at /home/enrique/vault/AppData/Local/Packages/Microsoft.Windows.Photos_8wekyb3d8bbwe/LocalState/EBWebView/Default/Cache/Cache_Data/f_000028
        [ERROR] Kernel permission constraints restricted processing for /home/enrique/vault/AppData/Local/Packages/Microsoft.Windows.Photos_8wekyb3d8bbwe/LocalState/EBWebView/Default/Cache/Cache_Data/f_000028
[MATCH] Discovered alpha-numeric asset signature: f_00002c at /home/enrique/vault/AppData/Local/Packages/Microsoft.Windows.Photos_8wekyb3d8bbwe/LocalState/EBWebView/Default/Cache/Cache_Data/f_00002c
        [ERROR] Kernel permission constraints restricted processing for /home/enrique/vault/AppData/Local/Packages/Microsoft.Windows.Photos_8wekyb3d8bbwe/LocalState/EBWebView/Default/Cache/Cache_Data/f_00002c
